# JRE version: OpenJDK Runtime Environment (23.0.2+7) (build 23.0.2+7-58)
# Java VM: OpenJDK 64-Bit Server VM (23.0.2+7-58, mixed mode, sharing, tiered, compressed oops, compressed class ptrs, g1 gc, windows-amd64)
GC Precious Log:
 CardTable entry size: 512
 Card Set container configuration: InlinePtr #cards 5 size 8 Array Of Cards #cards 10 size 36 Howl #buckets 4 coarsen threshold 1843 Howl Bitmap #cards 512 size 80 coarsen threshold 460 Card regions per heap region 1 cards per card region 2048
 CPUs: 2 total, 2 available
 Memory: 3918M
 Large Page Support: Disabled
 NUMA Support: Disabled
 Compressed Oops: Enabled (32-bit)
 Heap Region Size: 1M
 Heap Min Capacity: 8M
 Heap Initial Capacity: 62M
 Heap Max Capacity: 980M
 Pre-touch: Disabled
 Parallel Workers: 2
 Concurrent Workers: 1
 Concurrent Refinement Workers: 2
 Periodic GC: Disabled
Heap:
 garbage-first heap   total reserved 1003520K, committed 48128K, used 32674K [0x00000000c2c00000, 0x0000000100000000)
  region size 1024K, 12 young (12288K), 3 survivors (3072K)
 Metaspace       used 45146K, committed 45696K, reserved 1114112K
  class space    used 6099K, committed 6336K, reserved 1048576K
GC Heap History (20 events):
Event: 20.252 GC heap before
{Heap before GC invocations=3 (full 0):
 garbage-first heap   total reserved 1003520K, committed 63488K, used 23029K [0x00000000c2c00000, 0x0000000100000000)
  region size 1024K, 16 young (16384K), 2 survivors (2048K)
 Metaspace       used 9372K, committed 9664K, reserved 1114112K
  class space    used 1174K, committed 1344K, reserved 1048576K
}
Event: 20.262 GC heap after
{Heap after GC invocations=4 (full 0):
 garbage-first heap   total reserved 1003520K, committed 63488K, used 10001K [0x00000000c2c00000, 0x0000000100000000)
  region size 1024K, 2 young (2048K), 2 survivors (2048K)
 Metaspace       used 9372K, committed 9664K, reserved 1114112K
  class space    used 1174K, committed 1344K, reserved 1048576K
}
Event: 24.837 GC heap before
{Heap before GC invocations=4 (full 0):
 garbage-first heap   total reserved 1003520K, committed 63488K, used 30481K [0x00000000c2c00000, 0x0000000100000000)
  region size 1024K, 23 young (23552K), 2 survivors (2048K)
 Metaspace       used 14620K, committed 14912K, reserved 1114112K
  class space    used 1974K, committed 2112K, reserved 1048576K
}
Event: 24.847 GC heap after
{Heap after GC invocations=5 (full 0):
 garbage-first heap   total reserved 1003520K, committed 63488K, used 11566K [0x00000000c2c00000, 0x0000000100000000)
  region size 1024K, 3 young (3072K), 3 survivors (3072K)
 Metaspace       used 14620K, committed 14912K, reserved 1114112K
  class space    used 1974K, committed 2112K, reserved 1048576K
}
Event: 54.870 GC heap before
{Heap before GC invocations=5 (full 0):
 garbage-first heap   total reserved 1003520K, committed 63488K, used 34094K [0x00000000c2c00000, 0x0000000100000000)
  region size 1024K, 27 young (27648K), 3 survivors (3072K)
 Metaspace       used 21252K, committed 21504K, reserved 1114112K
  class space    used 2735K, committed 2880K, reserved 1048576K
}
Event: 54.965 GC heap after
{Heap after GC invocations=6 (full 0):
 garbage-first heap   total reserved 1003520K, committed 63488K, used 13934K [0x00000000c2c00000, 0x0000000100000000)
  region size 1024K, 4 young (4096K), 4 survivors (4096K)
 Metaspace       used 21252K, committed 21504K, reserved 1114112K
  class space    used 2735K, committed 2880K, reserved 1048576K
}
Event: 57.790 GC heap before
{Heap before GC invocations=7 (full 0):
 garbage-first heap   total reserved 1003520K, committed 48128K, used 32366K [0x00000000c2c00000, 0x0000000100000000)
  region size 1024K, 23 young (23552K), 4 survivors (4096K)
 Metaspace       used 23794K, committed 24128K, reserved 1114112K
  class space    used 3014K, committed 3200K, reserved 1048576K
}
Event: 57.809 GC heap after
{Heap after GC invocations=8 (full 0):
 garbage-first heap   total reserved 1003520K, committed 48128K, used 16640K [0x00000000c2c00000, 0x0000000100000000)
  region size 1024K, 3 young (3072K), 3 survivors (3072K)
 Metaspace       used 23794K, committed 24128K, reserved 1114112K
  class space    used 3014K, committed 3200K, reserved 1048576K
}
Event: 59.172 GC heap before
{Heap before GC invocations=8 (full 0):
 garbage-first heap   total reserved 1003520K, committed 48128K, used 35072K [0x00000000c2c00000, 0x0000000100000000)
  region size 1024K, 22 young (22528K), 3 survivors (3072K)
 Metaspace       used 26099K, committed 26432K, reserved 1114112K
  class space    used 3282K, committed 3456K, reserved 1048576K
}
Event: 59.190 GC heap after
{Heap after GC invocations=9 (full 0):
 garbage-first heap   total reserved 1003520K, committed 48128K, used 18214K [0x00000000c2c00000, 0x0000000100000000)
  region size 1024K, 2 young (2048K), 2 survivors (2048K)
 Metaspace       used 26099K, committed 26432K, reserved 1114112K
  class space    used 3282K, committed 3456K, reserved 1048576K
}
Event: 60.769 GC heap before
{Heap before GC invocations=9 (full 0):
 garbage-first heap   total reserved 1003520K, committed 48128K, used 35622K [0x00000000c2c00000, 0x0000000100000000)
  region size 1024K, 20 young (20480K), 2 survivors (2048K)
 Metaspace       used 29415K, committed 29760K, reserved 1114112K
  class space    used 3799K, committed 3968K, reserved 1048576K
}
Event: 60.783 GC heap after
{Heap after GC invocations=10 (full 0):
 garbage-first heap   total reserved 1003520K, committed 48128K, used 19143K [0x00000000c2c00000, 0x0000000100000000)
  region size 1024K, 3 young (3072K), 3 survivors (3072K)
 Metaspace       used 29415K, committed 29760K, reserved 1114112K
  class space    used 3799K, committed 3968K, reserved 1048576K
}
Event: 66.809 GC heap before
{Heap before GC invocations=10 (full 0):
 garbage-first heap   total reserved 1003520K, committed 48128K, used 38599K [0x00000000c2c00000, 0x0000000100000000)
  region size 1024K, 22 young (22528K), 3 survivors (3072K)
 Metaspace       used 32216K, committed 32576K, reserved 1114112K
  class space    used 4169K, committed 4352K, reserved 1048576K
}
Event: 66.822 GC heap after
{Heap after GC invocations=11 (full 0):
 garbage-first heap   total reserved 1003520K, committed 48128K, used 20523K [0x00000000c2c00000, 0x0000000100000000)
  region size 1024K, 3 young (3072K), 3 survivors (3072K)
 Metaspace       used 32216K, committed 32576K, reserved 1114112K
  class space    used 4169K, committed 4352K, reserved 1048576K
}
Event: 114.051 GC heap before
{Heap before GC invocations=11 (full 0):
 garbage-first heap   total reserved 1003520K, committed 48128K, used 36907K [0x00000000c2c00000, 0x0000000100000000)
  region size 1024K, 20 young (20480K), 3 survivors (3072K)
 Metaspace       used 35531K, committed 35968K, reserved 1114112K
  class space    used 4680K, committed 4864K, reserved 1048576K
}
Event: 114.069 GC heap after
{Heap after GC invocations=12 (full 0):
 garbage-first heap   total reserved 1003520K, committed 48128K, used 22495K [0x00000000c2c00000, 0x0000000100000000)
  region size 1024K, 3 young (3072K), 3 survivors (3072K)
 Metaspace       used 35531K, committed 35968K, reserved 1114112K
  class space    used 4680K, committed 4864K, reserved 1048576K
}
Event: 131.078 GC heap before
{Heap before GC invocations=13 (full 0):
 garbage-first heap   total reserved 1003520K, committed 48128K, used 39903K [0x00000000c2c00000, 0x0000000100000000)
  region size 1024K, 20 young (20480K), 3 survivors (3072K)
 Metaspace       used 38629K, committed 39168K, reserved 1114112K
  class space    used 5081K, committed 5312K, reserved 1048576K
}
Event: 131.095 GC heap after
{Heap after GC invocations=14 (full 0):
 garbage-first heap   total reserved 1003520K, committed 48128K, used 24336K [0x00000000c2c00000, 0x0000000100000000)
  region size 1024K, 2 young (2048K), 2 survivors (2048K)
 Metaspace       used 38629K, committed 39168K, reserved 1114112K
  class space    used 5081K, committed 5312K, reserved 1048576K
}
Event: 135.999 GC heap before
{Heap before GC invocations=14 (full 0):
 garbage-first heap   total reserved 1003520K, committed 48128K, used 40720K [0x00000000c2c00000, 0x0000000100000000)
  region size 1024K, 18 young (18432K), 2 survivors (2048K)
 Metaspace       used 42942K, committed 43520K, reserved 1114112K
  class space    used 5752K, committed 6016K, reserved 1048576K
}
Event: 136.045 GC heap after
{Heap after GC invocations=15 (full 0):
 garbage-first heap   total reserved 1003520K, committed 48128K, used 25506K [0x00000000c2c00000, 0x0000000100000000)
  region size 1024K, 3 young (3072K), 3 survivors (3072K)
 Metaspace       used 42942K, committed 43520K, reserved 1114112K
  class space    used 5752K, committed 6016K, reserved 1048576K
}

